Removed Member From Class: ClassName=PCB_BLU1 Member=R22
Removed Member From Class: ClassName=PCB_BLU Member=R22
Removed Member From Class: ClassName=PCB_BLU3 Member=R37
Change Component Comment : Designator=R22 Old Comment=100 New Comment=10k
Change Component Designator: OldDesignator=C1 NewDesignator=C5
Change Component Designator: OldDesignator=C2 NewDesignator=C6
Change Component Designator: OldDesignator=C3 NewDesignator=C7
Change Component Designator: OldDesignator=C4 NewDesignator=C8
Change Component Designator: OldDesignator=C5 NewDesignator=C9
Change Component Designator: OldDesignator=C6 NewDesignator=C10
Change Component Designator: OldDesignator=C7 NewDesignator=C11
Change Component Designator: OldDesignator=C8 NewDesignator=C12
Change Component Designator: OldDesignator=C9 NewDesignator=C13
Change Component Designator: OldDesignator=C10 NewDesignator=C14
Change Component Designator: OldDesignator=C11 NewDesignator=C15
Change Component Designator: OldDesignator=C12 NewDesignator=C16
Change Component Designator: OldDesignator=C13 NewDesignator=C17
Change Component Designator: OldDesignator=C14 NewDesignator=C18
Change Component Designator: OldDesignator=C15 NewDesignator=C19
Change Component Designator: OldDesignator=C16 NewDesignator=C20
Change Component Designator: OldDesignator=C17 NewDesignator=C21
Change Component Designator: OldDesignator=C18 NewDesignator=C22
Change Component Designator: OldDesignator=C19 NewDesignator=C23
Change Component Designator: OldDesignator=C20 NewDesignator=C24
Change Component Designator: OldDesignator=C21 NewDesignator=C1
Change Component Designator: OldDesignator=C22 NewDesignator=C2
Change Component Designator: OldDesignator=C23 NewDesignator=C3
Change Component Designator: OldDesignator=C24 NewDesignator=C4
Change Component Designator: OldDesignator=LC NewDesignator=LC1
Change Component Designator: OldDesignator=LLA NewDesignator=LLA1
Change Component Designator: OldDesignator=LS NewDesignator=LS1
Change Component Designator: OldDesignator=R1 NewDesignator=R16
Change Component Designator: OldDesignator=R2 NewDesignator=R17
Change Component Designator: OldDesignator=R3 NewDesignator=R18
Change Component Designator: OldDesignator=R4 NewDesignator=R19
Change Component Designator: OldDesignator=R5 NewDesignator=R20
Change Component Designator: OldDesignator=R6 NewDesignator=R21
Change Component Designator: OldDesignator=R7 NewDesignator=R22
Change Component Designator: OldDesignator=R8 NewDesignator=R23
Change Component Designator: OldDesignator=R9 NewDesignator=R24
Change Component Designator: OldDesignator=R10 NewDesignator=R25
Change Component Designator: OldDesignator=R11 NewDesignator=R27
Change Component Designator: OldDesignator=R12 NewDesignator=R29
Change Component Designator: OldDesignator=R13 NewDesignator=R15
Change Component Designator: OldDesignator=R16 NewDesignator=R26
Change Component Designator: OldDesignator=R17 NewDesignator=R30
Change Component Designator: OldDesignator=R18 NewDesignator=R1
Change Component Designator: OldDesignator=R19 NewDesignator=R2
Change Component Designator: OldDesignator=R20 NewDesignator=R3
Change Component Designator: OldDesignator=R21 NewDesignator=R5
Change Component Designator: OldDesignator=R22 NewDesignator=R6
Change Component Designator: OldDesignator=R23 NewDesignator=R7
Change Component Designator: OldDesignator=R24 NewDesignator=R4
Change Component Designator: OldDesignator=R29 NewDesignator=R12
Change Component Designator: OldDesignator=R30 NewDesignator=R11
Change Component Designator: OldDesignator=R34 NewDesignator=R9
Change Component Designator: OldDesignator=R35 NewDesignator=R10
Change Component Designator: OldDesignator=R36 NewDesignator=R8
Change Component Designator: OldDesignator=R37 NewDesignator=R13
Change Component Designator: OldDesignator=U1 NewDesignator=U2
Change Component Designator: OldDesignator=U2 NewDesignator=U1
Change Component Description : Designator=C20 Old Description=WCAP-CSGP MLCC, X7R, 0805, 2.2?F ,10Vdc New Description=WCAP-CSGP MLCC, X7R, 0805, 2.2?F ,10Vdc
Change Component Description : Designator=C21 Old Description=WCAP-CSGP MLCC, X7R, 0805, 2.2?F ,10Vdc New Description=WCAP-CSGP MLCC, X7R, 0805, 2.2?F ,10Vdc
Change Component Description : Designator=C5 Old Description=WCAP-CSGP MLCC, X7R, 1210, 1?F pF,16Vdc New Description=WCAP-CSGP MLCC, X7R, 1210, 1?F pF,16Vdc
Change Component Description : Designator=C7 Old Description=WCAP-CSGP MLCC, X7R, 1210, 1?F pF,16Vdc New Description=WCAP-CSGP MLCC, X7R, 1210, 1?F pF,16Vdc
Change Component Description : Designator=C9 Old Description=WCAP-CSGP MLCC, X7R, 1210, 1?F pF,16Vdc New Description=WCAP-CSGP MLCC, X7R, 1210, 1?F pF,16Vdc
Change Component Description : Designator=C10 Old Description=WCAP-CSGP MLCC, X7R, 1210, 1?F pF,16Vdc New Description=WCAP-CSGP MLCC, X7R, 1210, 1?F pF,16Vdc
Change Component Description : Designator=C11 Old Description=WCAP-CSGP MLCC, X7R, 1210, 1?F pF,16Vdc New Description=WCAP-CSGP MLCC, X7R, 1210, 1?F pF,16Vdc
Change Component Description : Designator=C12 Old Description=WCAP-CSGP MLCC, X7R, 1210, 1?F pF,16Vdc New Description=WCAP-CSGP MLCC, X7R, 1210, 1?F pF,16Vdc
Change Component Description : Designator=C13 Old Description=WCAP-CSGP MLCC, X7R, 1210, 1?F pF,16Vdc New Description=WCAP-CSGP MLCC, X7R, 1210, 1?F pF,16Vdc
Added Component: Designator=R28(RES0201R)
Change Net Name : Old Net Name=NetC1_1 New Net Name=NetC5_1
Change Net Name : Old Net Name=NetC16_1 New Net Name=NetC20_1
Change Net Name : Old Net Name=NetC17_1 New Net Name=NetC21_1
Change Net Name : Old Net Name=NetC19_2 New Net Name=NetC23_2
Change Net Name : Old Net Name=NetC20_2 New Net Name=NetC24_2
Change Net Name : Old Net Name=NetLC_1 New Net Name=NetLC1_1
Change Net Name : Old Net Name=NetLC_2 New Net Name=NetLC1_2
Change Net Name : Old Net Name=NetLLA_1 New Net Name=NetLLA1_1
Change Net Name : Old Net Name=NetLLA_2 New Net Name=NetLLA1_2
Change Net Name : Old Net Name=NetLS_1 New Net Name=NetLS1_1
Change Net Name : Old Net Name=NetLS_2 New Net Name=NetLS1_2
Change Net Name : Old Net Name=NetR1_2 New Net Name=NetR16_2
Change Net Name : Old Net Name=NetR2_2 New Net Name=NetR17_2
Change Net Name : Old Net Name=NetR3_2 New Net Name=NetR18_2
Change Net Name : Old Net Name=NetR5_1 New Net Name=NetR20_1
Change Net Name : Old Net Name=NetR6_1 New Net Name=NetR21_1
Change Net Name : Old Net Name=NetR8_1 New Net Name=NetR23_1
Change Net Name : Old Net Name=NetR9_1 New Net Name=NetR24_1
Change Net Name : Old Net Name=NetR12_2 New Net Name=NetR29_2
Change Net Name : Old Net Name=NetR34_1 New Net Name=NetR9_1
Change Net Name : Old Net Name=NetR35_1 New Net Name=NetR8_2
Added Pin To Net: NetName=NetC22_2 Pin=C22-2
Added Pin To Net: NetName=NetC22_2 Pin=R27-2
Added Pin To Net: NetName=NetC22_2 Pin=R28-1
Added Net: Name=NetC22_2
Added Pin To Net: NetName=NetR19_2 Pin=R19-2
Added Pin To Net: NetName=NetR19_2 Pin=R28-2
Added Pin To Net: NetName=NetR19_2 Pin=U2-14
Added Net: Name=NetR19_2
Added Member To Class: ClassName=PCB_BLU1 Member=Component R6 10k
Added Member To Class: ClassName=PCB_BLU3 Member=Component R15 22
Added Member To Class: ClassName=PCB_BLU Member=Component R28 100
Added Room: Name=PCB_BLU1
Added Room: Name=PCB_BLU2
Added Room: Name=PCB_BLU3
Added Room: Name=PCB_BLU
Change Rule Scope 1 : Old Scope=InNet('NetC1_1') New Scope=InNet('NetC5_1')
