Removed Member From Class: ClassName=PCB_BLU Member=C1
Removed Member From Class: ClassName=PCB_BLU Member=C2
Removed Member From Class: ClassName=PCB_BLU Member=C3
Removed Member From Class: ClassName=PCB_BLU2 Member=C6
Removed Member From Class: ClassName=PCB_BLU3 Member=C8
Removed Member From Class: ClassName=PCB_BLU Member=R2
Removed Member From Class: ClassName=PCB_BLU Member=R6
Removed Member From Class: ClassName=PCB_BLU Member=R7
Removed Member From Class: ClassName=PCB_BLU Member=R11
Removed Member From Class: ClassName=PCB_BLU Member=R12
Removed Member From Class: ClassName=PCB_BLU1 Member=R18
Removed Member From Class: ClassName=PCB_BLU1 Member=R20
Removed Member From Class: ClassName=PCB_BLU1 Member=R21
Removed Member From Class: ClassName=PCB_BLU1 Member=R26
Removed Member From Class: ClassName=PCB_BLU3 Member=U2
Change Component Description : Designator=C20 Old Description=WCAP-CSGP MLCC, X7R, 0805, 2.2?F ,10Vdc New Description=WCAP-CSGP MLCC, X7R, 0805, 2.2?F ,10Vdc
Change Component Description : Designator=C21 Old Description=WCAP-CSGP MLCC, X7R, 0805, 2.2?F ,10Vdc New Description=WCAP-CSGP MLCC, X7R, 0805, 2.2?F ,10Vdc
Change Component Description : Designator=C5 Old Description=WCAP-CSGP MLCC, X7R, 1210, 1?F pF,16Vdc New Description=WCAP-CSGP MLCC, X7R, 1210, 1?F pF,16Vdc
Change Component Description : Designator=C7 Old Description=WCAP-CSGP MLCC, X7R, 1210, 1?F pF,16Vdc New Description=WCAP-CSGP MLCC, X7R, 1210, 1?F pF,16Vdc
Change Component Description : Designator=C9 Old Description=WCAP-CSGP MLCC, X7R, 1210, 1?F pF,16Vdc New Description=WCAP-CSGP MLCC, X7R, 1210, 1?F pF,16Vdc
Change Component Description : Designator=C10 Old Description=WCAP-CSGP MLCC, X7R, 1210, 1?F pF,16Vdc New Description=WCAP-CSGP MLCC, X7R, 1210, 1?F pF,16Vdc
Change Component Description : Designator=C11 Old Description=WCAP-CSGP MLCC, X7R, 1210, 1?F pF,16Vdc New Description=WCAP-CSGP MLCC, X7R, 1210, 1?F pF,16Vdc
Change Component Description : Designator=C12 Old Description=WCAP-CSGP MLCC, X7R, 1210, 1?F pF,16Vdc New Description=WCAP-CSGP MLCC, X7R, 1210, 1?F pF,16Vdc
Change Component Description : Designator=C13 Old Description=WCAP-CSGP MLCC, X7R, 1210, 1?F pF,16Vdc New Description=WCAP-CSGP MLCC, X7R, 1210, 1?F pF,16Vdc
Added Component: Designator=D1(SOT23-6L)
Added Pin To Net: NetName=NetD1_1 Pin=D1-1
Added Pin To Net: NetName=GND Pin=D1-2
Added Pin To Net: NetName=NetD1_3 Pin=D1-3
Added Pin To Net: NetName=NetD1_4 Pin=D1-4
Added Pin To Net: NetName=NetD1_5 Pin=D1-5
Added Pin To Net: NetName=NetD1_6 Pin=D1-6
Added Member To Class: ClassName=PCB_BLU2 Member=Component C2 22uF
Added Member To Class: ClassName=PCB_BLU3 Member=Component C4 22uF
Added Member To Class: ClassName=PCB_BLU Member=Component C10 1?F
Added Member To Class: ClassName=PCB_BLU Member=Component C11 1?F
Added Member To Class: ClassName=PCB_BLU Member=Component C12 1?F
Added Member To Class: ClassName=PCB_BLU Member=Component C13 1?F
Added Member To Class: ClassName=PCB_BLU Member=Component C20 2.2?F
Added Member To Class: ClassName=PCB_BLU Member=Component C21 2.2?F
Added Member To Class: ClassName=PCB_BLU Member=Component C22 100 nF
Added Member To Class: ClassName=PCB_BLU Member=Component C23 20 pF
Added Member To Class: ClassName=PCB_BLU3 Member=Component D1 SRV05-4HTG
Added Member To Class: ClassName=PCB_BLU1 Member=Component R1 10k
Added Member To Class: ClassName=PCB_BLU1 Member=Component R3 10k
Added Member To Class: ClassName=PCB_BLU1 Member=Component R5 10k
Added Member To Class: ClassName=PCB_BLU1 Member=Component R6 10k
Added Member To Class: ClassName=PCB_BLU3 Member=Component R13 22
Added Member To Class: ClassName=PCB_BLU Member=Component R19 22
Added Member To Class: ClassName=PCB_BLU Member=Component R22 0
Added Member To Class: ClassName=PCB_BLU Member=Component R23 10k
Added Member To Class: ClassName=PCB_BLU Member=Component R29 100
Added Member To Class: ClassName=PCB_BLU Member=Component R30 510
Added Member To Class: ClassName=PCB_BLU3 Member=Component U1 LP38690DTX-3.3
Added Room: Name=PCB_BLU1
Added Room: Name=PCB_BLU2
Added Room: Name=PCB_BLU3
Added Room: Name=PCB_BLU
