Added Component: Designator=C1(WCAP-CSGP 1210, H=1.25mm)
Added Component: Designator=C2(WCAP-CSGP 1206, H=0.8mm)
Added Component: Designator=C3(WCAP-CSGP 1210, H=1.25mm)
Added Component: Designator=C4(WCAP-CSGP 1206, H=0.8mm)
Added Component: Designator=C5(WCAP-CSGP 1210, H=1.25mm)
Added Component: Designator=C6(WCAP-CSGP 1210, H=1.25mm)
Added Component: Designator=C7(WCAP-CSGP 1210, H=1.25mm)
Added Component: Designator=C8(WCAP-CSGP 1210, H=1.25mm)
Added Component: Designator=C9(WCAP-CSGP 1210, H=1.25mm)
Added Component: Designator=C10(WCAP-CSGP 1206, H=0.8mm)
Added Component: Designator=C11(WCAP-CSGP 1206, H=0.8mm)
Added Component: Designator=C12(WCAP-CSGP 1206, H=0.8mm)
Added Component: Designator=C13(WCAP-CSGP 1206, H=0.8mm)
Added Component: Designator=C14(WCAP-CSGP 1206, H=0.8mm)
Added Component: Designator=C15(WCAP-CSGP 1206, H=0.8mm)
Added Component: Designator=C16(WCAP-CSGP 0805, H=1.25mm)
Added Component: Designator=C17(WCAP-CSGP 0805, H=1.25mm)
Added Component: Designator=C18(WCAP-CSGP 1206, H=0.8mm)
Added Component: Designator=C19(WCAP-CSGP 0603, H=0.8mm)
Added Component: Designator=C20(WCAP-CSGP 0603, H=0.8mm)
Added Component: Designator=C21(6032)
Added Component: Designator=C22(6032)
Added Component: Designator=C23(WCAP-CSGP 1206, H=0.8mm)
Added Component: Designator=C24(6032)
Added Component: Designator=D1(SOT23-6L)
Added Component: Designator=F1(RES2512R)
Added Component: Designator=J1(MICROSD)
Added Component: Designator=L1(0402-A)
Added Component: Designator=LED ALARM(LED_0603_Red)
Added Component: Designator=LED CON BLU(LED_0603_Blue)
Added Component: Designator=LED STATUS(LED_0603_Green)
Added Component: Designator=M1(RN42-LAND)
Added Component: Designator=P1(1470695A)
Added Component: Designator=P2(HDR1X6)
Added Component: Designator=R1(RES0201R)
Added Component: Designator=R2(RES0201R)
Added Component: Designator=R3(RES0201R)
Added Component: Designator=R4(RES0201R)
Added Component: Designator=R5(RES0201R)
Added Component: Designator=R6(RES0201R)
Added Component: Designator=R7(RES0201R)
Added Component: Designator=R8(RES0201R)
Added Component: Designator=R9(RES0201R)
Added Component: Designator=R10(RES0201R)
Added Component: Designator=R11(RES0201R)
Added Component: Designator=R12(RES0201R)
Added Component: Designator=R13(RES0201R)
Added Component: Designator=R14(RES0201R)
Added Component: Designator=R16(RES0201R)
Added Component: Designator=R17(RES0201R)
Added Component: Designator=R18(RES0201R)
Added Component: Designator=R19(RES0201R)
Added Component: Designator=R20(RES0201R)
Added Component: Designator=R21(RES0201R)
Added Component: Designator=R22(RES0201R)
Added Component: Designator=R23(RES0201R)
Added Component: Designator=R24(RES0201R)
Added Component: Designator=R25(RES0201R)
Added Component: Designator=R26(RES0201R)
Added Component: Designator=R27(RES0201R)
Added Component: Designator=R28(RES0201R)
Added Component: Designator=R29(RES0201R)
Added Component: Designator=R30(RES0201R)
Added Component: Designator=R31(RES0201R)
Added Component: Designator=R32(RES0201R)
Added Component: Designator=R33(RES0201R)
Added Component: Designator=R34(RES0201R)
Added Component: Designator=R35(RES0201R)
Added Component: Designator=R36(RES0201R)
Added Component: Designator=R37(RES0201R)
Added Component: Designator=S1(SO8_N)
Added Component: Designator=U1(STM-LQFP100_N)
Added Component: Designator=U2(TD03B_N)
Added Component: Designator=Y1(R38)
Added Pin To Net: NetName=GND Pin=C1-2
Added Pin To Net: NetName=GND Pin=C2-2
Added Pin To Net: NetName=GND Pin=C3-1
Added Pin To Net: NetName=GND Pin=C4-1
Added Pin To Net: NetName=GND Pin=C5-1
Added Pin To Net: NetName=GND Pin=C6-1
Added Pin To Net: NetName=GND Pin=C7-1
Added Pin To Net: NetName=GND Pin=C8-1
Added Pin To Net: NetName=GND Pin=C9-1
Added Pin To Net: NetName=GND Pin=C10-1
Added Pin To Net: NetName=GND Pin=C11-1
Added Pin To Net: NetName=GND Pin=C12-1
Added Pin To Net: NetName=GND Pin=C13-1
Added Pin To Net: NetName=GND Pin=C14-1
Added Pin To Net: NetName=GND Pin=C15-1
Added Pin To Net: NetName=GND Pin=C16-2
Added Pin To Net: NetName=GND Pin=C17-2
Added Pin To Net: NetName=GND Pin=C18-1
Added Pin To Net: NetName=GND Pin=C19-1
Added Pin To Net: NetName=GND Pin=C20-1
Added Pin To Net: NetName=GND Pin=C21-2
Added Pin To Net: NetName=GND Pin=C22-2
Added Pin To Net: NetName=GND Pin=C23-1
Added Pin To Net: NetName=GND Pin=C24-2
Added Pin To Net: NetName=GND Pin=D1-2
Added Pin To Net: NetName=GND Pin=J1-6
Added Pin To Net: NetName=GND Pin=M1-1
Added Pin To Net: NetName=GND Pin=M1-12
Added Pin To Net: NetName=GND Pin=M1-28
Added Pin To Net: NetName=GND Pin=M1-29
Added Pin To Net: NetName=GND Pin=P1-4
Added Pin To Net: NetName=GND Pin=P1-5
Added Pin To Net: NetName=GND Pin=P1-6
Added Pin To Net: NetName=GND Pin=P2-6
Added Pin To Net: NetName=GND Pin=R7-1
Added Pin To Net: NetName=GND Pin=R10-1
Added Pin To Net: NetName=GND Pin=R16-1
Added Pin To Net: NetName=GND Pin=R17-1
Added Pin To Net: NetName=GND Pin=R29-2
Added Pin To Net: NetName=GND Pin=R30-2
Added Pin To Net: NetName=GND Pin=R31-2
Added Pin To Net: NetName=GND Pin=R32-1
Added Pin To Net: NetName=GND Pin=R33-1
Added Pin To Net: NetName=GND Pin=U1-10
Added Pin To Net: NetName=GND Pin=U1-20
Added Pin To Net: NetName=GND Pin=U1-27
Added Pin To Net: NetName=GND Pin=U1-74
Added Pin To Net: NetName=GND Pin=U1-99
Added Pin To Net: NetName=GND Pin=U2-4
Added Net: Name=GND
Added Pin To Net: NetName=NetC1_1 Pin=C1-1
Added Pin To Net: NetName=NetC1_1 Pin=C2-1
Added Pin To Net: NetName=NetC1_1 Pin=C3-2
Added Pin To Net: NetName=NetC1_1 Pin=C4-2
Added Pin To Net: NetName=NetC1_1 Pin=L1-1
Added Pin To Net: NetName=NetC1_1 Pin=U1-21
Added Pin To Net: NetName=NetC1_1 Pin=U1-22
Added Net: Name=NetC1_1
Added Pin To Net: NetName=NetC16_1 Pin=C16-1
Added Pin To Net: NetName=NetC16_1 Pin=U1-49
Added Net: Name=NetC16_1
Added Pin To Net: NetName=NetC17_1 Pin=C17-1
Added Pin To Net: NetName=NetC17_1 Pin=U1-73
Added Net: Name=NetC17_1
Added Pin To Net: NetName=NetC18_2 Pin=C18-2
Added Pin To Net: NetName=NetC18_2 Pin=R4-2
Added Pin To Net: NetName=NetC18_2 Pin=R11-2
Added Pin To Net: NetName=NetC18_2 Pin=U1-14
Added Net: Name=NetC18_2
Added Pin To Net: NetName=NetC19_2 Pin=C19-2
Added Pin To Net: NetName=NetC19_2 Pin=R12-1
Added Pin To Net: NetName=NetC19_2 Pin=Y1-1
Added Net: Name=NetC19_2
Added Pin To Net: NetName=NetC20_2 Pin=C20-2
Added Pin To Net: NetName=NetC20_2 Pin=U1-12
Added Pin To Net: NetName=NetC20_2 Pin=Y1-2
Added Net: Name=NetC20_2
Added Pin To Net: NetName=NetD1_1 Pin=D1-1
Added Pin To Net: NetName=NetD1_1 Pin=P1-2
Added Pin To Net: NetName=NetD1_1 Pin=R13-1
Added Net: Name=NetD1_1
Added Pin To Net: NetName=NetD1_3 Pin=D1-3
Added Pin To Net: NetName=NetD1_3 Pin=P1-3
Added Pin To Net: NetName=NetD1_3 Pin=R14-1
Added Net: Name=NetD1_3
Added Pin To Net: NetName=NetD1_4 Pin=D1-4
Added Pin To Net: NetName=NetD1_4 Pin=R14-2
Added Pin To Net: NetName=NetD1_4 Pin=U1-71
Added Net: Name=NetD1_4
Added Pin To Net: NetName=NetD1_6 Pin=D1-6
Added Pin To Net: NetName=NetD1_6 Pin=R13-2
Added Pin To Net: NetName=NetD1_6 Pin=U1-70
Added Net: Name=NetD1_6
Added Pin To Net: NetName=NetF1_2 Pin=F1-2
Added Pin To Net: NetName=NetF1_2 Pin=P1-1
Added Net: Name=NetF1_2
Added Pin To Net: NetName=NetJ1_1 Pin=J1-1
Added Pin To Net: NetName=NetJ1_1 Pin=R20-1
Added Pin To Net: NetName=NetJ1_1 Pin=U1-78
Added Net: Name=NetJ1_1
Added Pin To Net: NetName=NetJ1_2 Pin=J1-2
Added Pin To Net: NetName=NetJ1_2 Pin=R21-1
Added Pin To Net: NetName=NetJ1_2 Pin=U1-79
Added Net: Name=NetJ1_2
Added Pin To Net: NetName=NetJ1_3 Pin=J1-3
Added Pin To Net: NetName=NetJ1_3 Pin=R22-1
Added Pin To Net: NetName=NetJ1_3 Pin=U1-83
Added Net: Name=NetJ1_3
Added Pin To Net: NetName=NetJ1_5 Pin=J1-5
Added Pin To Net: NetName=NetJ1_5 Pin=R23-1
Added Pin To Net: NetName=NetJ1_5 Pin=U1-80
Added Net: Name=NetJ1_5
Added Pin To Net: NetName=NetJ1_7 Pin=J1-7
Added Pin To Net: NetName=NetJ1_7 Pin=R18-1
Added Pin To Net: NetName=NetJ1_7 Pin=U1-65
Added Net: Name=NetJ1_7
Added Pin To Net: NetName=NetJ1_8 Pin=J1-8
Added Pin To Net: NetName=NetJ1_8 Pin=R19-1
Added Pin To Net: NetName=NetJ1_8 Pin=U1-66
Added Net: Name=NetJ1_8
Added Pin To Net: NetName=NetJ1_10 Pin=J1-10
Added Pin To Net: NetName=NetJ1_10 Pin=J1-10
Added Pin To Net: NetName=NetJ1_10 Pin=R24-2
Added Pin To Net: NetName=NetJ1_10 Pin=U1-63
Added Net: Name=NetJ1_10
Added Pin To Net: NetName=NetLED ALARM_1 Pin=LED ALARM-1
Added Pin To Net: NetName=NetLED ALARM_1 Pin=U1-59
Added Net: Name=NetLED ALARM_1
Added Pin To Net: NetName=NetLED ALARM_2 Pin=LED ALARM-2
Added Pin To Net: NetName=NetLED ALARM_2 Pin=R16-2
Added Net: Name=NetLED ALARM_2
Added Pin To Net: NetName=NetLED CON BLU_1 Pin=LED CON BLU-1
Added Pin To Net: NetName=NetLED CON BLU_1 Pin=M1-21
Added Net: Name=NetLED CON BLU_1
Added Pin To Net: NetName=NetLED CON BLU_2 Pin=LED CON BLU-2
Added Pin To Net: NetName=NetLED CON BLU_2 Pin=R29-1
Added Net: Name=NetLED CON BLU_2
Added Pin To Net: NetName=NetLED STATUS_1 Pin=LED STATUS-1
Added Pin To Net: NetName=NetLED STATUS_1 Pin=U1-60
Added Net: Name=NetLED STATUS_1
Added Pin To Net: NetName=NetLED STATUS_2 Pin=LED STATUS-2
Added Pin To Net: NetName=NetLED STATUS_2 Pin=R17-2
Added Net: Name=NetLED STATUS_2
Added Pin To Net: NetName=NetM1_2 Pin=M1-2
Added Pin To Net: NetName=NetM1_2 Pin=R30-1
Added Net: Name=NetM1_2
Added Pin To Net: NetName=NetM1_3 Pin=M1-3
Added Pin To Net: NetName=NetM1_3 Pin=S1-6
Added Net: Name=NetM1_3
Added Pin To Net: NetName=NetM1_4 Pin=M1-4
Added Pin To Net: NetName=NetM1_4 Pin=S1-5
Added Net: Name=NetM1_4
Added Pin To Net: NetName=NetM1_5 Pin=M1-5
Added Pin To Net: NetName=NetM1_5 Pin=U1-34
Added Net: Name=NetM1_5
Added Pin To Net: NetName=NetM1_6 Pin=M1-6
Added Pin To Net: NetName=NetM1_6 Pin=R31-1
Added Net: Name=NetM1_6
Added Pin To Net: NetName=NetM1_13 Pin=M1-13
Added Pin To Net: NetName=NetM1_13 Pin=R35-2
Added Net: Name=NetM1_13
Added Pin To Net: NetName=NetM1_14 Pin=M1-14
Added Pin To Net: NetName=NetM1_14 Pin=R34-2
Added Net: Name=NetM1_14
Added Pin To Net: NetName=NetM1_16 Pin=M1-16
Added Pin To Net: NetName=NetM1_16 Pin=R33-2
Added Net: Name=NetM1_16
Added Pin To Net: NetName=NetM1_20 Pin=M1-20
Added Pin To Net: NetName=NetM1_20 Pin=S1-8
Added Net: Name=NetM1_20
Added Pin To Net: NetName=NetM1_22 Pin=M1-22
Added Pin To Net: NetName=NetM1_22 Pin=S1-7
Added Net: Name=NetM1_22
Added Pin To Net: NetName=NetM1_23 Pin=M1-23
Added Pin To Net: NetName=NetM1_23 Pin=R32-2
Added Net: Name=NetM1_23
Added Pin To Net: NetName=NetP2_2 Pin=P2-2
Added Pin To Net: NetName=NetP2_2 Pin=R1-1
Added Net: Name=NetP2_2
Added Pin To Net: NetName=NetP2_3 Pin=P2-3
Added Pin To Net: NetName=NetP2_3 Pin=R2-1
Added Net: Name=NetP2_3
Added Pin To Net: NetName=NetP2_4 Pin=P2-4
Added Pin To Net: NetName=NetP2_4 Pin=R3-1
Added Net: Name=NetP2_4
Added Pin To Net: NetName=NetP2_5 Pin=P2-5
Added Pin To Net: NetName=NetP2_5 Pin=R4-1
Added Net: Name=NetP2_5
Added Pin To Net: NetName=NetR1_2 Pin=R1-2
Added Pin To Net: NetName=NetR1_2 Pin=U1-76
Added Net: Name=NetR1_2
Added Pin To Net: NetName=NetR2_2 Pin=R2-2
Added Pin To Net: NetName=NetR2_2 Pin=U1-72
Added Net: Name=NetR2_2
Added Pin To Net: NetName=NetR3_2 Pin=R3-2
Added Pin To Net: NetName=NetR3_2 Pin=U1-89
Added Net: Name=NetR3_2
Added Pin To Net: NetName=NetR5_1 Pin=R5-1
Added Pin To Net: NetName=NetR5_1 Pin=R6-2
Added Pin To Net: NetName=NetR5_1 Pin=U1-37
Added Net: Name=NetR5_1
Added Pin To Net: NetName=NetR6_1 Pin=R6-1
Added Pin To Net: NetName=NetR6_1 Pin=R7-2
Added Net: Name=NetR6_1
Added Pin To Net: NetName=NetR8_1 Pin=R8-1
Added Pin To Net: NetName=NetR8_1 Pin=R9-2
Added Pin To Net: NetName=NetR8_1 Pin=U1-94
Added Net: Name=NetR8_1
Added Pin To Net: NetName=NetR9_1 Pin=R9-1
Added Pin To Net: NetName=NetR9_1 Pin=R10-2
Added Net: Name=NetR9_1
Added Pin To Net: NetName=NetR12_2 Pin=R12-2
Added Pin To Net: NetName=NetR12_2 Pin=U1-13
Added Net: Name=NetR12_2
Added Pin To Net: NetName=NetR25_1 Pin=R25-1
Added Pin To Net: NetName=NetR25_1 Pin=S1-1
Added Net: Name=NetR25_1
Added Pin To Net: NetName=NetR26_1 Pin=R26-1
Added Pin To Net: NetName=NetR26_1 Pin=S1-2
Added Net: Name=NetR26_1
Added Pin To Net: NetName=NetR27_1 Pin=R27-1
Added Pin To Net: NetName=NetR27_1 Pin=S1-3
Added Net: Name=NetR27_1
Added Pin To Net: NetName=NetR28_1 Pin=R28-1
Added Pin To Net: NetName=NetR28_1 Pin=S1-4
Added Net: Name=NetR28_1
Added Pin To Net: NetName=NetR34_1 Pin=R34-1
Added Pin To Net: NetName=NetR34_1 Pin=U1-48
Added Net: Name=NetR34_1
Added Pin To Net: NetName=NetR35_1 Pin=R35-1
Added Pin To Net: NetName=NetR35_1 Pin=R36-2
Added Pin To Net: NetName=NetR35_1 Pin=U1-47
Added Net: Name=NetR35_1
Added Pin To Net: NetName=NetR37_2 Pin=R37-2
Added Pin To Net: NetName=NetR37_2 Pin=U1-68
Added Pin To Net: NetName=NetR37_2 Pin=U1-69
Added Net: Name=NetR37_2
Added Pin To Net: NetName=VDD Pin=C5-2
Added Pin To Net: NetName=VDD Pin=C6-2
Added Pin To Net: NetName=VDD Pin=C7-2
Added Pin To Net: NetName=VDD Pin=C8-2
Added Pin To Net: NetName=VDD Pin=C9-2
Added Pin To Net: NetName=VDD Pin=C10-2
Added Pin To Net: NetName=VDD Pin=C11-2
Added Pin To Net: NetName=VDD Pin=C12-2
Added Pin To Net: NetName=VDD Pin=C13-2
Added Pin To Net: NetName=VDD Pin=C14-2
Added Pin To Net: NetName=VDD Pin=C15-2
Added Pin To Net: NetName=VDD Pin=C21-1
Added Pin To Net: NetName=VDD Pin=C22-1
Added Pin To Net: NetName=VDD Pin=C23-2
Added Pin To Net: NetName=VDD Pin=J1-4
Added Pin To Net: NetName=VDD Pin=L1-2
Added Pin To Net: NetName=VDD Pin=M1-11
Added Pin To Net: NetName=VDD Pin=P2-1
Added Pin To Net: NetName=VDD Pin=R5-2
Added Pin To Net: NetName=VDD Pin=R8-2
Added Pin To Net: NetName=VDD Pin=R11-1
Added Pin To Net: NetName=VDD Pin=R18-2
Added Pin To Net: NetName=VDD Pin=R19-2
Added Pin To Net: NetName=VDD Pin=R20-2
Added Pin To Net: NetName=VDD Pin=R21-2
Added Pin To Net: NetName=VDD Pin=R22-2
Added Pin To Net: NetName=VDD Pin=R23-2
Added Pin To Net: NetName=VDD Pin=R24-1
Added Pin To Net: NetName=VDD Pin=R25-2
Added Pin To Net: NetName=VDD Pin=R26-2
Added Pin To Net: NetName=VDD Pin=R27-2
Added Pin To Net: NetName=VDD Pin=R28-2
Added Pin To Net: NetName=VDD Pin=R36-1
Added Pin To Net: NetName=VDD Pin=U1-6
Added Pin To Net: NetName=VDD Pin=U1-11
Added Pin To Net: NetName=VDD Pin=U1-19
Added Pin To Net: NetName=VDD Pin=U1-28
Added Pin To Net: NetName=VDD Pin=U1-50
Added Pin To Net: NetName=VDD Pin=U1-75
Added Pin To Net: NetName=VDD Pin=U1-100
Added Pin To Net: NetName=VDD Pin=U2-1
Added Net: Name=VDD
Added Pin To Net: NetName=VUSB Pin=C24-1
Added Pin To Net: NetName=VUSB Pin=D1-5
Added Pin To Net: NetName=VUSB Pin=F1-1
Added Pin To Net: NetName=VUSB Pin=R37-1
Added Pin To Net: NetName=VUSB Pin=U2-3
Added Net: Name=VUSB
Added Class: Name=PCB_BLU1
Added Class: Name=PCB_BLU2
Added Class: Name=PCB_BLU3
Added Class: Name=PCB_BLU
Added Room: Name=PCB_BLU1
Added Room: Name=PCB_BLU2
Added Room: Name=PCB_BLU3
Added Room: Name=PCB_BLU
